ERROR:root:Error loading data: 'utf-8' codec can't decode byte 0xc7 in position 0: invalid continuation byte
INFO:root:Successfully loaded data with encoding: cp1256
INFO:root:Employee added: ID 1
INFO:root:Employee added: ID 2
INFO:root:Data saved successfully
INFO:root:Employee deleted: ID 1
INFO:root:Data saved successfully
DEBUG:PIL.PngImagePlugin:STREAM b'IHDR' 16 13
DEBUG:PIL.PngImagePlugin:STREAM b'iCCP' 41 2590
DEBUG:PIL.PngImagePlugin:iCCP profile name b'ICC Profile'
DEBUG:PIL.PngImagePlugin:Compression method 0
DEBUG:PIL.PngImagePlugin:STREAM b'IDAT' 2643 65536
DEBUG:PIL.PngImagePlugin:STREAM b'IHDR' 16 13
DEBUG:PIL.PngImagePlugin:STREAM b'iCCP' 41 2590
DEBUG:PIL.PngImagePlugin:iCCP profile name b'ICC Profile'
DEBUG:PIL.PngImagePlugin:Compression method 0
DEBUG:PIL.PngImagePlugin:STREAM b'IDAT' 2643 65536
INFO:root:Successfully loaded data with encoding: cp1256
DEBUG:PIL.PngImagePlugin:STREAM b'IHDR' 16 13
DEBUG:PIL.PngImagePlugin:STREAM b'iCCP' 41 2590
DEBUG:PIL.PngImagePlugin:iCCP profile name b'ICC Profile'
DEBUG:PIL.PngImagePlugin:Compression method 0
DEBUG:PIL.PngImagePlugin:STREAM b'IDAT' 2643 65536
DEBUG:PIL.PngImagePlugin:STREAM b'IHDR' 16 13
DEBUG:PIL.PngImagePlugin:STREAM b'iCCP' 41 2590
DEBUG:PIL.PngImagePlugin:iCCP profile name b'ICC Profile'
DEBUG:PIL.PngImagePlugin:Compression method 0
DEBUG:PIL.PngImagePlugin:STREAM b'IDAT' 2643 65536
DEBUG:PIL.PngImagePlugin:STREAM b'IHDR' 16 13
DEBUG:PIL.PngImagePlugin:STREAM b'iCCP' 41 2590
DEBUG:PIL.PngImagePlugin:iCCP profile name b'ICC Profile'
DEBUG:PIL.PngImagePlugin:Compression method 0
DEBUG:PIL.PngImagePlugin:STREAM b'IDAT' 2643 65536
DEBUG:PIL.PngImagePlugin:STREAM b'IHDR' 16 13
DEBUG:PIL.PngImagePlugin:STREAM b'iCCP' 41 2590
DEBUG:PIL.PngImagePlugin:iCCP profile name b'ICC Profile'
DEBUG:PIL.PngImagePlugin:Compression method 0
DEBUG:PIL.PngImagePlugin:STREAM b'IDAT' 2643 65536
DEBUG:PIL.PngImagePlugin:STREAM b'IHDR' 16 13
DEBUG:PIL.PngImagePlugin:STREAM b'iCCP' 41 2590
DEBUG:PIL.PngImagePlugin:iCCP profile name b'ICC Profile'
DEBUG:PIL.PngImagePlugin:Compression method 0
DEBUG:PIL.PngImagePlugin:STREAM b'IDAT' 2643 65536
DEBUG:PIL.PngImagePlugin:STREAM b'IHDR' 16 13
DEBUG:PIL.PngImagePlugin:STREAM b'iCCP' 41 2590
DEBUG:PIL.PngImagePlugin:iCCP profile name b'ICC Profile'
DEBUG:PIL.PngImagePlugin:Compression method 0
DEBUG:PIL.PngImagePlugin:STREAM b'IDAT' 2643 65536
DEBUG:PIL.PngImagePlugin:STREAM b'IHDR' 16 13
DEBUG:PIL.PngImagePlugin:STREAM b'iCCP' 41 2590
DEBUG:PIL.PngImagePlugin:iCCP profile name b'ICC Profile'
DEBUG:PIL.PngImagePlugin:Compression method 0
DEBUG:PIL.PngImagePlugin:STREAM b'IDAT' 2643 65536
DEBUG:PIL.PngImagePlugin:STREAM b'IHDR' 16 13
DEBUG:PIL.PngImagePlugin:STREAM b'iCCP' 41 2590
DEBUG:PIL.PngImagePlugin:iCCP profile name b'ICC Profile'
DEBUG:PIL.PngImagePlugin:Compression method 0
DEBUG:PIL.PngImagePlugin:STREAM b'IDAT' 2643 65536
DEBUG:PIL.PngImagePlugin:STREAM b'IHDR' 16 13
DEBUG:PIL.PngImagePlugin:STREAM b'iCCP' 41 2590
DEBUG:PIL.PngImagePlugin:iCCP profile name b'ICC Profile'
DEBUG:PIL.PngImagePlugin:Compression method 0
DEBUG:PIL.PngImagePlugin:STREAM b'IDAT' 2643 65536
DEBUG:PIL.PngImagePlugin:STREAM b'IHDR' 16 13
DEBUG:PIL.PngImagePlugin:STREAM b'iCCP' 41 2590
DEBUG:PIL.PngImagePlugin:iCCP profile name b'ICC Profile'
DEBUG:PIL.PngImagePlugin:Compression method 0
DEBUG:PIL.PngImagePlugin:STREAM b'IDAT' 2643 65536
DEBUG:PIL.PngImagePlugin:STREAM b'IHDR' 16 13
DEBUG:PIL.PngImagePlugin:STREAM b'iCCP' 41 2590
DEBUG:PIL.PngImagePlugin:iCCP profile name b'ICC Profile'
DEBUG:PIL.PngImagePlugin:Compression method 0
DEBUG:PIL.PngImagePlugin:STREAM b'IDAT' 2643 65536
DEBUG:PIL.PngImagePlugin:STREAM b'IHDR' 16 13
DEBUG:PIL.PngImagePlugin:STREAM b'iCCP' 41 2590
DEBUG:PIL.PngImagePlugin:iCCP profile name b'ICC Profile'
DEBUG:PIL.PngImagePlugin:Compression method 0
DEBUG:PIL.PngImagePlugin:STREAM b'IDAT' 2643 65536
DEBUG:PIL.PngImagePlugin:STREAM b'IHDR' 16 13
DEBUG:PIL.PngImagePlugin:STREAM b'iCCP' 41 2590
DEBUG:PIL.PngImagePlugin:iCCP profile name b'ICC Profile'
DEBUG:PIL.PngImagePlugin:Compression method 0
DEBUG:PIL.PngImagePlugin:STREAM b'IDAT' 2643 65536
DEBUG:PIL.PngImagePlugin:STREAM b'IHDR' 16 13
DEBUG:PIL.PngImagePlugin:STREAM b'iCCP' 41 2590
DEBUG:PIL.PngImagePlugin:iCCP profile name b'ICC Profile'
DEBUG:PIL.PngImagePlugin:Compression method 0
DEBUG:PIL.PngImagePlugin:STREAM b'IDAT' 2643 65536
DEBUG:PIL.PngImagePlugin:STREAM b'IHDR' 16 13
DEBUG:PIL.PngImagePlugin:STREAM b'iCCP' 41 2590
DEBUG:PIL.PngImagePlugin:iCCP profile name b'ICC Profile'
DEBUG:PIL.PngImagePlugin:Compression method 0
DEBUG:PIL.PngImagePlugin:STREAM b'IDAT' 2643 65536
DEBUG:PIL.PngImagePlugin:STREAM b'IHDR' 16 13
DEBUG:PIL.PngImagePlugin:STREAM b'iCCP' 41 2590
DEBUG:PIL.PngImagePlugin:iCCP profile name b'ICC Profile'
DEBUG:PIL.PngImagePlugin:Compression method 0
DEBUG:PIL.PngImagePlugin:STREAM b'IDAT' 2643 65536
DEBUG:PIL.PngImagePlugin:STREAM b'IHDR' 16 13
DEBUG:PIL.PngImagePlugin:STREAM b'iCCP' 41 2590
DEBUG:PIL.PngImagePlugin:iCCP profile name b'ICC Profile'
DEBUG:PIL.PngImagePlugin:Compression method 0
DEBUG:PIL.PngImagePlugin:STREAM b'IDAT' 2643 65536
DEBUG:PIL.PngImagePlugin:STREAM b'IHDR' 16 13
DEBUG:PIL.PngImagePlugin:STREAM b'iCCP' 41 2590
DEBUG:PIL.PngImagePlugin:iCCP profile name b'ICC Profile'
DEBUG:PIL.PngImagePlugin:Compression method 0
DEBUG:PIL.PngImagePlugin:STREAM b'IDAT' 2643 65536
DEBUG:PIL.PngImagePlugin:STREAM b'IHDR' 16 13
DEBUG:PIL.PngImagePlugin:STREAM b'iCCP' 41 2590
DEBUG:PIL.PngImagePlugin:iCCP profile name b'ICC Profile'
DEBUG:PIL.PngImagePlugin:Compression method 0
DEBUG:PIL.PngImagePlugin:STREAM b'IDAT' 2643 65536
DEBUG:PIL.PngImagePlugin:STREAM b'IHDR' 16 13
DEBUG:PIL.PngImagePlugin:STREAM b'iCCP' 41 2590
DEBUG:PIL.PngImagePlugin:iCCP profile name b'ICC Profile'
DEBUG:PIL.PngImagePlugin:Compression method 0
DEBUG:PIL.PngImagePlugin:STREAM b'IDAT' 2643 65536
INFO:root:Employee added: ID 1
DEBUG:PIL.PngImagePlugin:STREAM b'IHDR' 16 13
DEBUG:PIL.PngImagePlugin:STREAM b'iCCP' 41 2590
DEBUG:PIL.PngImagePlugin:iCCP profile name b'ICC Profile'
DEBUG:PIL.PngImagePlugin:Compression method 0
DEBUG:PIL.PngImagePlugin:STREAM b'IDAT' 2643 65536
DEBUG:PIL.PngImagePlugin:STREAM b'IHDR' 16 13
DEBUG:PIL.PngImagePlugin:STREAM b'iCCP' 41 2590
DEBUG:PIL.PngImagePlugin:iCCP profile name b'ICC Profile'
DEBUG:PIL.PngImagePlugin:Compression method 0
DEBUG:PIL.PngImagePlugin:STREAM b'IDAT' 2643 65536
DEBUG:PIL.PngImagePlugin:STREAM b'IHDR' 16 13
DEBUG:PIL.PngImagePlugin:STREAM b'iCCP' 41 2590
DEBUG:PIL.PngImagePlugin:iCCP profile name b'ICC Profile'
DEBUG:PIL.PngImagePlugin:Compression method 0
DEBUG:PIL.PngImagePlugin:STREAM b'IDAT' 2643 65536
DEBUG:PIL.PngImagePlugin:STREAM b'IHDR' 16 13
DEBUG:PIL.PngImagePlugin:STREAM b'iCCP' 41 2590
DEBUG:PIL.PngImagePlugin:iCCP profile name b'ICC Profile'
DEBUG:PIL.PngImagePlugin:Compression method 0
DEBUG:PIL.PngImagePlugin:STREAM b'IDAT' 2643 65536
DEBUG:PIL.PngImagePlugin:STREAM b'IHDR' 16 13
DEBUG:PIL.PngImagePlugin:STREAM b'iCCP' 41 2590
DEBUG:PIL.PngImagePlugin:iCCP profile name b'ICC Profile'
DEBUG:PIL.PngImagePlugin:Compression method 0
DEBUG:PIL.PngImagePlugin:STREAM b'IDAT' 2643 65536
DEBUG:PIL.PngImagePlugin:STREAM b'IHDR' 16 13
DEBUG:PIL.PngImagePlugin:STREAM b'iCCP' 41 2590
DEBUG:PIL.PngImagePlugin:iCCP profile name b'ICC Profile'
DEBUG:PIL.PngImagePlugin:Compression method 0
DEBUG:PIL.PngImagePlugin:STREAM b'IDAT' 2643 65536
DEBUG:PIL.PngImagePlugin:STREAM b'IHDR' 16 13
DEBUG:PIL.PngImagePlugin:STREAM b'iCCP' 41 2590
DEBUG:PIL.PngImagePlugin:iCCP profile name b'ICC Profile'
DEBUG:PIL.PngImagePlugin:Compression method 0
DEBUG:PIL.PngImagePlugin:STREAM b'IDAT' 2643 65536
DEBUG:PIL.PngImagePlugin:STREAM b'IHDR' 16 13
DEBUG:PIL.PngImagePlugin:STREAM b'iCCP' 41 2590
DEBUG:PIL.PngImagePlugin:iCCP profile name b'ICC Profile'
DEBUG:PIL.PngImagePlugin:Compression method 0
DEBUG:PIL.PngImagePlugin:STREAM b'IDAT' 2643 65536
DEBUG:PIL.PngImagePlugin:STREAM b'IHDR' 16 13
DEBUG:PIL.PngImagePlugin:STREAM b'iCCP' 41 2590
DEBUG:PIL.PngImagePlugin:iCCP profile name b'ICC Profile'
DEBUG:PIL.PngImagePlugin:Compression method 0
DEBUG:PIL.PngImagePlugin:STREAM b'IDAT' 2643 65536
DEBUG:PIL.PngImagePlugin:STREAM b'IHDR' 16 13
DEBUG:PIL.PngImagePlugin:STREAM b'iCCP' 41 2590
DEBUG:PIL.PngImagePlugin:iCCP profile name b'ICC Profile'
DEBUG:PIL.PngImagePlugin:Compression method 0
DEBUG:PIL.PngImagePlugin:STREAM b'IDAT' 2643 65536
DEBUG:PIL.PngImagePlugin:STREAM b'IHDR' 16 13
DEBUG:PIL.PngImagePlugin:STREAM b'iCCP' 41 2590
DEBUG:PIL.PngImagePlugin:iCCP profile name b'ICC Profile'
DEBUG:PIL.PngImagePlugin:Compression method 0
DEBUG:PIL.PngImagePlugin:STREAM b'IDAT' 2643 65536
DEBUG:PIL.PngImagePlugin:STREAM b'IHDR' 16 13
DEBUG:PIL.PngImagePlugin:STREAM b'iCCP' 41 2590
DEBUG:PIL.PngImagePlugin:iCCP profile name b'ICC Profile'
DEBUG:PIL.PngImagePlugin:Compression method 0
DEBUG:PIL.PngImagePlugin:STREAM b'IDAT' 2643 65536
DEBUG:PIL.PngImagePlugin:STREAM b'IHDR' 16 13
DEBUG:PIL.PngImagePlugin:STREAM b'iCCP' 41 2590
DEBUG:PIL.PngImagePlugin:iCCP profile name b'ICC Profile'
DEBUG:PIL.PngImagePlugin:Compression method 0
DEBUG:PIL.PngImagePlugin:STREAM b'IDAT' 2643 65536
DEBUG:PIL.PngImagePlugin:STREAM b'IHDR' 16 13
DEBUG:PIL.PngImagePlugin:STREAM b'iCCP' 41 2590
DEBUG:PIL.PngImagePlugin:iCCP profile name b'ICC Profile'
DEBUG:PIL.PngImagePlugin:Compression method 0
DEBUG:PIL.PngImagePlugin:STREAM b'IDAT' 2643 65536
DEBUG:PIL.PngImagePlugin:STREAM b'IHDR' 16 13
DEBUG:PIL.PngImagePlugin:STREAM b'iCCP' 41 2590
DEBUG:PIL.PngImagePlugin:iCCP profile name b'ICC Profile'
DEBUG:PIL.PngImagePlugin:Compression method 0
DEBUG:PIL.PngImagePlugin:STREAM b'IDAT' 2643 65536
DEBUG:PIL.PngImagePlugin:STREAM b'IHDR' 16 13
DEBUG:PIL.PngImagePlugin:STREAM b'iCCP' 41 2590
DEBUG:PIL.PngImagePlugin:iCCP profile name b'ICC Profile'
DEBUG:PIL.PngImagePlugin:Compression method 0
DEBUG:PIL.PngImagePlugin:STREAM b'IDAT' 2643 65536
DEBUG:PIL.PngImagePlugin:STREAM b'IHDR' 16 13
DEBUG:PIL.PngImagePlugin:STREAM b'iCCP' 41 2590
DEBUG:PIL.PngImagePlugin:iCCP profile name b'ICC Profile'
DEBUG:PIL.PngImagePlugin:Compression method 0
DEBUG:PIL.PngImagePlugin:STREAM b'IDAT' 2643 65536
DEBUG:PIL.PngImagePlugin:STREAM b'IHDR' 16 13
DEBUG:PIL.PngImagePlugin:STREAM b'iCCP' 41 2590
DEBUG:PIL.PngImagePlugin:iCCP profile name b'ICC Profile'
DEBUG:PIL.PngImagePlugin:Compression method 0
DEBUG:PIL.PngImagePlugin:STREAM b'IDAT' 2643 65536
DEBUG:PIL.PngImagePlugin:STREAM b'IHDR' 16 13
DEBUG:PIL.PngImagePlugin:STREAM b'iCCP' 41 2590
DEBUG:PIL.PngImagePlugin:iCCP profile name b'ICC Profile'
DEBUG:PIL.PngImagePlugin:Compression method 0
DEBUG:PIL.PngImagePlugin:STREAM b'IDAT' 2643 65536
DEBUG:PIL.PngImagePlugin:STREAM b'IHDR' 16 13
DEBUG:PIL.PngImagePlugin:STREAM b'iCCP' 41 2590
DEBUG:PIL.PngImagePlugin:iCCP profile name b'ICC Profile'
DEBUG:PIL.PngImagePlugin:Compression method 0
DEBUG:PIL.PngImagePlugin:STREAM b'IDAT' 2643 65536
DEBUG:PIL.PngImagePlugin:STREAM b'IHDR' 16 13
DEBUG:PIL.PngImagePlugin:STREAM b'iCCP' 41 2590
DEBUG:PIL.PngImagePlugin:iCCP profile name b'ICC Profile'
DEBUG:PIL.PngImagePlugin:Compression method 0
DEBUG:PIL.PngImagePlugin:STREAM b'IDAT' 2643 65536
DEBUG:PIL.PngImagePlugin:STREAM b'IHDR' 16 13
DEBUG:PIL.PngImagePlugin:STREAM b'iCCP' 41 2590
DEBUG:PIL.PngImagePlugin:iCCP profile name b'ICC Profile'
DEBUG:PIL.PngImagePlugin:Compression method 0
DEBUG:PIL.PngImagePlugin:STREAM b'IDAT' 2643 65536
INFO:root:Employee added: ID 2
DEBUG:PIL.PngImagePlugin:STREAM b'IHDR' 16 13
DEBUG:PIL.PngImagePlugin:STREAM b'iCCP' 41 2590
DEBUG:PIL.PngImagePlugin:iCCP profile name b'ICC Profile'
DEBUG:PIL.PngImagePlugin:Compression method 0
DEBUG:PIL.PngImagePlugin:STREAM b'IDAT' 2643 65536
DEBUG:PIL.PngImagePlugin:STREAM b'IHDR' 16 13
DEBUG:PIL.PngImagePlugin:STREAM b'iCCP' 41 2590
DEBUG:PIL.PngImagePlugin:iCCP profile name b'ICC Profile'
DEBUG:PIL.PngImagePlugin:Compression method 0
DEBUG:PIL.PngImagePlugin:STREAM b'IDAT' 2643 65536
INFO:root:Data saved successfully
DEBUG:PIL.PngImagePlugin:STREAM b'IHDR' 16 13
DEBUG:PIL.PngImagePlugin:STREAM b'iCCP' 41 2590
DEBUG:PIL.PngImagePlugin:iCCP profile name b'ICC Profile'
DEBUG:PIL.PngImagePlugin:Compression method 0
DEBUG:PIL.PngImagePlugin:STREAM b'IDAT' 2643 65536
DEBUG:PIL.PngImagePlugin:STREAM b'IHDR' 16 13
DEBUG:PIL.PngImagePlugin:STREAM b'iCCP' 41 2590
DEBUG:PIL.PngImagePlugin:iCCP profile name b'ICC Profile'
DEBUG:PIL.PngImagePlugin:Compression method 0
DEBUG:PIL.PngImagePlugin:STREAM b'IDAT' 2643 65536
INFO:root:Successfully loaded data with encoding: utf-8
DEBUG:PIL.PngImagePlugin:STREAM b'IHDR' 16 13
DEBUG:PIL.PngImagePlugin:STREAM b'iCCP' 41 2590
DEBUG:PIL.PngImagePlugin:iCCP profile name b'ICC Profile'
DEBUG:PIL.PngImagePlugin:Compression method 0
DEBUG:PIL.PngImagePlugin:STREAM b'IDAT' 2643 65536
DEBUG:PIL.PngImagePlugin:STREAM b'IHDR' 16 13
DEBUG:PIL.PngImagePlugin:STREAM b'iCCP' 41 2590
DEBUG:PIL.PngImagePlugin:iCCP profile name b'ICC Profile'
DEBUG:PIL.PngImagePlugin:Compression method 0
DEBUG:PIL.PngImagePlugin:STREAM b'IDAT' 2643 65536
INFO:root:Successfully loaded data with encoding: utf-8
